2023-04-09T22:49:35.668Z:[app-server]:[31m[1merror[22m[39m:unable to fetch the show for doc Bhabi Ji Ghar Par Hai
2023-04-09T22:51:44.851Z:[app-server]:[31m[1merror[22m[39m:unable to fetch the show for doc Bhabi Ji Ghar Par Hai
2023-04-09T22:52:17.537Z:[app-server]:[31m[1merror[22m[39m:unable to fetch the show for doc Bhabi Ji Ghar Par Hai
2023-04-09T22:53:28.756Z:[app-server]:[31m[1merror[22m[39m:unable to fetch the show for doc Bhabi Ji Ghar Par Hai
2023-04-09T22:54:11.379Z:[app-server]:[31m[1merror[22m[39m:unable to fetch the show for doc Bhabi Ji Ghar Par Hai
2023-04-09T22:55:00.678Z:[app-server]:[31m[1merror[22m[39m:unable to fetch the show for doc Bhabi Ji Ghar Par Hai
2023-04-09T22:55:30.345Z:[app-server]:[31m[1merror[22m[39m:unable to fetch the show for doc Bhabi Ji Ghar Par Hai
2023-04-09T22:56:23.697Z:[app-server]:[31m[1merror[22m[39m:unable to fetch the show for doc Bhabi Ji Ghar Par Hai
2023-04-09T22:56:24.768Z:[app-server]:[31m[1merror[22m[39m:unable to fetch the show for doc Bhabi Ji Ghar Par Hai
2023-04-09T22:56:25.364Z:[app-server]:[31m[1merror[22m[39m:unable to fetch the show for doc Bhabi Ji Ghar Par Hai
2023-04-09T22:57:00.174Z:[app-server]:[31m[1merror[22m[39m:unable to fetch the show for doc Bhabi Ji Ghar Par Hai
2023-04-09T22:57:14.411Z:[app-server]:[31m[1merror[22m[39m:unable to fetch the show for doc Bhabi Ji Ghar Par Hai
2023-04-09T22:57:15.410Z:[app-server]:[31m[1merror[22m[39m:unable to fetch the show for doc Bhabi Ji Ghar Par Hai
2023-04-09T22:57:15.740Z:[app-server]:[31m[1merror[22m[39m:unable to fetch the show for doc Bhabi Ji Ghar Par Hai
2023-04-09T22:57:16.125Z:[app-server]:[31m[1merror[22m[39m:unable to fetch the show for doc Bhabi Ji Ghar Par Hai
2023-04-09T22:57:39.690Z:[app-server]:[31m[1merror[22m[39m:unable to fetch the show for doc Bhabi Ji Ghar Par Hai
2023-04-09T22:58:41.742Z:[app-server]:[31m[1merror[22m[39m:unable to fetch the show for doc Bhabi Ji Ghar Par Hai
2023-04-09T22:58:56.182Z:[app-server]:[31m[1merror[22m[39m:unable to fetch the show for doc Bhabi Ji Ghar Par Hai
2023-04-09T22:59:31.391Z:[app-server]:[31m[1merror[22m[39m:unable to fetch the show for doc Bhabi Ji Ghar Par Hai
2023-04-09T23:00:01.292Z:[app-server]:[31m[1merror[22m[39m:unable to fetch the show for doc Bhabi Ji Ghar Par Hai
2023-04-09T23:00:12.268Z:[app-server]:[31m[1merror[22m[39m:unable to fetch the show for doc Bhabi Ji Ghar Par Hai
2023-04-09T23:00:29.911Z:[app-server]:[31m[1merror[22m[39m:unable to fetch the show for doc Bhabi Ji Ghar Par Hai
2023-04-09T23:00:49.667Z:[app-server]:[31m[1merror[22m[39m:unable to fetch the show for doc Bhabi Ji Ghar Par Hai
2023-04-09T23:01:16.753Z:[app-server]:[31m[1merror[22m[39m:unable to fetch the show for doc Bhabi Ji Ghar Par Hai
2023-04-09T23:01:38.291Z:[app-server]:[31m[1merror[22m[39m:unable to fetch the show for doc Bhabi Ji Ghar Par Hai
2023-04-09T23:02:12.019Z:[app-server]:[31m[1merror[22m[39m:unable to fetch the show for doc Bhabi Ji Ghar Par Hai
2023-04-09T23:02:29.434Z:[app-server]:[31m[1merror[22m[39m:unable to fetch the show for doc Bhabi Ji Ghar Par Hai
2023-04-09T23:02:30.901Z:[app-server]:[31m[1merror[22m[39m:unable to fetch the show for doc Bhabi Ji Ghar Par Hai
2023-04-09T23:02:49.617Z:[app-server]:[31m[1merror[22m[39m:unable to fetch the show for doc Bhabi Ji Ghar Par Hai
2023-04-09T23:02:50.743Z:[app-server]:[31m[1merror[22m[39m:unable to fetch the show for doc Bhabi Ji Ghar Par Hai
2023-04-09T23:02:51.056Z:[app-server]:[31m[1merror[22m[39m:unable to fetch the show for doc Bhabi Ji Ghar Par Hai
2023-04-09T23:02:51.401Z:[app-server]:[31m[1merror[22m[39m:unable to fetch the show for doc Bhabi Ji Ghar Par Hai
2023-04-09T23:03:05.265Z:[app-server]:[31m[1merror[22m[39m:unable to fetch the show for doc Bhabi Ji Ghar Par Hai
2023-04-09T23:03:13.441Z:[app-server]:[31m[1merror[22m[39m:unable to fetch the show for doc Bhabi Ji Ghar Par Hai
2023-04-09T23:03:25.760Z:[app-server]:[31m[1merror[22m[39m:unable to fetch the show for doc Bhabi Ji Ghar Par Hai
2023-04-09T23:03:26.301Z:[app-server]:[31m[1merror[22m[39m:unable to fetch the show for doc Bhabi Ji Ghar Par Hai
2023-04-09T23:04:30.892Z:[app-server]:[31m[1merror[22m[39m:unable to fetch the show for doc Bhabi Ji Ghar Par Hai
2023-04-09T23:04:31.368Z:[app-server]:[31m[1merror[22m[39m:unable to fetch the show for doc Bhabi Ji Ghar Par Hai
2023-04-09T23:04:48.326Z:[app-server]:[31m[1merror[22m[39m:unable to fetch the show for doc Bhabi Ji Ghar Par Hai
2023-04-09T23:04:48.917Z:[app-server]:[31m[1merror[22m[39m:unable to fetch the show for doc Bhabi Ji Ghar Par Hai
2023-04-09T23:05:07.886Z:[app-server]:[31m[1merror[22m[39m:unable to fetch the show for doc Bhabi Ji Ghar Par Hai
2023-04-09T23:05:08.415Z:[app-server]:[31m[1merror[22m[39m:unable to fetch the show for doc Bhabi Ji Ghar Par Hai
2023-04-09T23:05:28.097Z:[app-server]:[31m[1merror[22m[39m:unable to fetch the show for doc Bhabi Ji Ghar Par Hai
2023-04-09T23:05:28.620Z:[app-server]:[31m[1merror[22m[39m:unable to fetch the show for doc Bhabi Ji Ghar Par Hai
2023-04-09T23:05:55.321Z:[app-server]:[31m[1merror[22m[39m:unable to fetch the show for doc Bhabi Ji Ghar Par Hai
2023-04-09T23:05:55.853Z:[app-server]:[31m[1merror[22m[39m:unable to fetch the show for doc Bhabi Ji Ghar Par Hai
2023-04-09T23:06:04.293Z:[app-server]:[31m[1merror[22m[39m:unable to fetch the show for doc Bhabi Ji Ghar Par Hai
2023-04-09T23:06:44.137Z:[app-server]:[31m[1merror[22m[39m:unable to fetch the show for doc Bhabi Ji Ghar Par Hai
2023-04-09T23:06:45.477Z:[app-server]:[31m[1merror[22m[39m:unable to fetch the show for doc Bhabi Ji Ghar Par Hai
2023-04-09T23:07:18.218Z:[app-server]:[31m[1merror[22m[39m:unable to fetch the show for doc Bhabi Ji Ghar Par Hai
2023-04-09T23:07:19.630Z:[app-server]:[31m[1merror[22m[39m:unable to fetch the show for doc Bhabi Ji Ghar Par Hai
2023-04-09T23:07:33.595Z:[app-server]:[31m[1merror[22m[39m:unable to fetch the show for doc Bhabi Ji Ghar Par Hai
2023-04-09T23:07:34.872Z:[app-server]:[31m[1merror[22m[39m:unable to fetch the show for doc Bhabi Ji Ghar Par Hai
2023-04-09T23:07:35.769Z:[app-server]:[31m[1merror[22m[39m:unable to fetch the show for doc Bhabi Ji Ghar Par Hai
2023-04-09T23:07:50.761Z:[app-server]:[31m[1merror[22m[39m:unable to fetch the show for doc Bhabi Ji Ghar Par Hai
2023-04-09T23:07:51.607Z:[app-server]:[31m[1merror[22m[39m:unable to fetch the show for doc Bhabi Ji Ghar Par Hai
2023-04-09T23:07:51.930Z:[app-server]:[31m[1merror[22m[39m:unable to fetch the show for doc Bhabi Ji Ghar Par Hai
2023-04-09T23:07:52.276Z:[app-server]:[31m[1merror[22m[39m:unable to fetch the show for doc Bhabi Ji Ghar Par Hai
2023-04-09T23:07:52.592Z:[app-server]:[31m[1merror[22m[39m:unable to fetch the show for doc Bhabi Ji Ghar Par Hai
2023-04-09T23:08:39.861Z:[app-server]:[31m[1merror[22m[39m:unable to fetch the show for doc Bhabi Ji Ghar Par Hai
2023-04-09T23:08:40.793Z:[app-server]:[31m[1merror[22m[39m:unable to fetch the show for doc Bhabi Ji Ghar Par Hai
2023-04-09T23:08:58.489Z:[app-server]:[31m[1merror[22m[39m:unable to fetch the show for doc Bhabi Ji Ghar Par Hai
2023-04-09T23:09:25.122Z:[app-server]:[31m[1merror[22m[39m:unable to fetch the show for doc Bhabi Ji Ghar Par Hai
2023-04-09T23:09:47.433Z:[app-server]:[31m[1merror[22m[39m:unable to fetch the show for doc Bhabi Ji Ghar Par Hai
2023-04-09T23:09:48.736Z:[app-server]:[31m[1merror[22m[39m:unable to fetch the show for doc Bhabi Ji Ghar Par Hai
2023-04-09T23:10:23.111Z:[app-server]:[31m[1merror[22m[39m:unable to fetch the show for doc Bhabi Ji Ghar Par Hai
2023-04-09T23:10:43.629Z:[app-server]:[31m[1merror[22m[39m:unable to fetch the show for doc Bhabi Ji Ghar Par Hai
2023-04-09T23:10:54.622Z:[app-server]:[31m[1merror[22m[39m:unable to fetch the show for doc Bhabi Ji Ghar Par Hai
2023-04-09T23:11:02.252Z:[app-server]:[31m[1merror[22m[39m:unable to fetch the show for doc Bhabi Ji Ghar Par Hai
2023-04-09T23:11:39.007Z:[app-server]:[31m[1merror[22m[39m:unable to fetch the show for doc Bhabi Ji Ghar Par Hai
2023-04-09T23:11:55.742Z:[app-server]:[31m[1merror[22m[39m:unable to fetch the show for doc Bhabi Ji Ghar Par Hai
2023-04-09T23:12:05.604Z:[app-server]:[31m[1merror[22m[39m:unable to fetch the show for doc Bhabi Ji Ghar Par Hai
2023-04-09T23:12:37.669Z:[app-server]:[31m[1merror[22m[39m:unable to fetch the show for doc Monty Python's Flying Circus
2023-04-09T23:12:42.408Z:[app-server]:[31m[1merror[22m[39m:unable to fetch the show for doc Monty Python's Flying Circus
2023-04-09T23:13:20.125Z:[app-server]:[31m[1merror[22m[39m:unable to fetch the show for doc Father Ted
2023-04-09T23:14:06.508Z:[app-server]:[31m[1merror[22m[39m:unable to fetch the show for doc Father Ted
2023-04-09T23:15:19.851Z:[app-server]:[31m[1merror[22m[39m:unable to fetch the show for doc Father Ted
2023-04-09T23:18:18.078Z:[app-server]:[31m[1merror[22m[39m:unable to fetch the show for doc Father Ted:ReferenceError: items is not defined
2023-04-09T23:19:08.848Z:[app-server]:[31m[1merror[22m[39m:no data found for Rohitash Gaud
2023-04-09T23:19:11.024Z:[app-server]:[31m[1merror[22m[39m:no data found for Aashif Sheikh
2023-04-09T23:19:14.662Z:[app-server]:[31m[1merror[22m[39m:no data found for Shilpa Shinde
2023-04-09T23:19:17.129Z:[app-server]:[31m[1merror[22m[39m:no data found for Saanand Verma
2023-04-09T23:19:19.120Z:[app-server]:[31m[1merror[22m[39m:no data found for Shubhangi Atre Poorey
