{"level":"error","message":"[object Object],[object Object],there is an error from the signup check controller","service":"user-service"}
{"level":"error","message":{"message":"Could not connect to any servers in your MongoDB Atlas cluster. One common reason is that you're trying to access the database from an IP that isn't whitelisted. Make sure your current IP address is on your Atlas cluster's IP whitelist: https://www.mongodb.com/docs/atlas/security-whitelist/","reason":{"commonWireVersion":0,"compatible":true,"heartbeatFrequencyMS":10000,"localThresholdMS":15,"logicalSessionTimeoutMinutes":null,"maxElectionId":null,"maxSetVersion":null,"servers":{},"setName":"atlas-w56stp-shard-0","stale":false,"type":"ReplicaSetNoPrimary"}},"service":"user-service"}
{"level":"error","message":"[object Object],[object Object],there is an error from the signup check controller","service":"user-service"}
{"level":"error","message":"[object Object],there is an error from the signup check controller","service":"user-service"}
{"level":"error","message":"[object Object],there is an error from the signup check controller","service":"user-service"}
{"level":"error","message":"[object Object],there is an error from the signup check controller","service":"user-service"}
{"level":"error","message":"[object Object],there is an error from the signup check controller","service":"user-service"}
{"level":"error","message":"[object Object],[object Object],there is an error from the signup check controller","service":"user-service"}
{"level":"error","message":"[object Object],[object Object],there is an error from the signup check controller","service":"user-service"}
{"level":"error","message":"[object Object],[object Object],[object Object],there is an error from the signup check controller","service":"user-service"}
{"level":"error","message":"[object Object],[object Object],[object Object],there is an error from the signup check controller","service":"user-service"}
{"level":"error","message":"[object Object],[object Object],[object Object],there is an error from the signup check controller","service":"user-service"}
{"level":"error","message":"[object Object],there is an error from the signup check controller","service":"user-service"}
{"level":"error","message":"3,there is an error from the signup check controller","service":"user-service"}
{"level":"error","message":"3,there is an error from the signup check controller","service":"user-service"}
{"level":"error","message":"3,there is an error from the signup check controller","service":"user-service"}
{"level":"error","message":"failed to vaidate user Error [ERR_HTTP_HEADERS_SENT]: Cannot set headers after they are sent to the client","service":"user-service"}
{"level":"error","message":"failed to vaidate user Error [ERR_HTTP_HEADERS_SENT]: Cannot set headers after they are sent to the client","service":"user-service"}
{"level":"error","message":{},"service":"user-service"}
{"level":"error","message":{},"service":"user-service"}
